{"level":"INFO","message":"[1:12:18.294 PM]: Trying to initialize Easy Logging"}
{"level":"INFO","message":"[1:12:18.300 PM]: No client config file found in default directories"}
{"level":"INFO","message":"[1:12:18.301 PM]: Easy Logging is disabled as no config has been found"}
{"level":"INFO","message":"[2:18:05.874 PM]: Trying to initialize Easy Logging"}
{"level":"INFO","message":"[2:18:05.880 PM]: No client config file found in default directories"}
{"level":"INFO","message":"[2:18:05.880 PM]: Easy Logging is disabled as no config has been found"}
{"level":"INFO","message":"[7:59:03.315 AM]: Trying to initialize Easy Logging"}
{"level":"INFO","message":"[7:59:03.323 AM]: No client config file found in default directories"}
{"level":"INFO","message":"[7:59:03.323 AM]: Easy Logging is disabled as no config has been found"}
{"level":"INFO","message":"[8:40:18.433 AM]: Trying to initialize Easy Logging"}
{"level":"INFO","message":"[8:40:18.440 AM]: No client config file found in default directories"}
{"level":"INFO","message":"[8:40:18.440 AM]: Easy Logging is disabled as no config has been found"}
{"level":"INFO","message":"[9:22:22.252 AM]: Trying to initialize Easy Logging"}
{"level":"INFO","message":"[9:22:22.260 AM]: No client config file found in default directories"}
{"level":"INFO","message":"[9:22:22.261 AM]: Easy Logging is disabled as no config has been found"}
{"level":"INFO","message":"[10:46:06.291 AM]: Trying to initialize Easy Logging"}
{"level":"INFO","message":"[10:46:06.299 AM]: No client config file found in default directories"}
{"level":"INFO","message":"[10:46:06.300 AM]: Easy Logging is disabled as no config has been found"}
{"level":"INFO","message":"[12:26:41.436 PM]: Trying to initialize Easy Logging"}
{"level":"INFO","message":"[12:26:41.445 PM]: No client config file found in default directories"}
{"level":"INFO","message":"[12:26:41.445 PM]: Easy Logging is disabled as no config has been found"}
{"level":"INFO","message":"[1:53:52.314 PM]: Trying to initialize Easy Logging"}
{"level":"INFO","message":"[1:53:52.321 PM]: No client config file found in default directories"}
{"level":"INFO","message":"[1:53:52.322 PM]: Easy Logging is disabled as no config has been found"}
{"level":"INFO","message":"[1:54:42.545 PM]: Trying to initialize Easy Logging"}
{"level":"INFO","message":"[1:54:42.552 PM]: No client config file found in default directories"}
{"level":"INFO","message":"[1:54:42.552 PM]: Easy Logging is disabled as no config has been found"}
{"level":"INFO","message":"[3:34:37.304 PM]: Trying to initialize Easy Logging"}
{"level":"INFO","message":"[3:34:37.311 PM]: No client config file found in default directories"}
{"level":"INFO","message":"[3:34:37.311 PM]: Easy Logging is disabled as no config has been found"}
{"level":"INFO","message":"[4:32:00.973 PM]: Trying to initialize Easy Logging"}
{"level":"INFO","message":"[4:32:00.981 PM]: No client config file found in default directories"}
{"level":"INFO","message":"[4:32:00.981 PM]: Easy Logging is disabled as no config has been found"}
{"level":"INFO","message":"[4:39:29.043 PM]: Trying to initialize Easy Logging"}
{"level":"INFO","message":"[4:39:29.052 PM]: No client config file found in default directories"}
{"level":"INFO","message":"[4:39:29.053 PM]: Easy Logging is disabled as no config has been found"}
{"level":"INFO","message":"[9:33:53.719 AM]: Trying to initialize Easy Logging"}
{"level":"INFO","message":"[9:33:53.728 AM]: No client config file found in default directories"}
{"level":"INFO","message":"[9:33:53.728 AM]: Easy Logging is disabled as no config has been found"}
{"level":"INFO","message":"[9:38:23.109 AM]: Trying to initialize Easy Logging"}
{"level":"INFO","message":"[9:38:23.119 AM]: No client config file found in default directories"}
{"level":"INFO","message":"[9:38:23.120 AM]: Easy Logging is disabled as no config has been found"}
{"level":"INFO","message":"[8:10:33.503 AM]: Trying to initialize Easy Logging"}
{"level":"INFO","message":"[8:10:33.511 AM]: No client config file found in default directories"}
{"level":"INFO","message":"[8:10:33.512 AM]: Easy Logging is disabled as no config has been found"}
{"level":"INFO","message":"[8:55:18.912 AM]: Trying to initialize Easy Logging"}
{"level":"INFO","message":"[8:55:18.919 AM]: No client config file found in default directories"}
{"level":"INFO","message":"[8:55:18.919 AM]: Easy Logging is disabled as no config has been found"}
{"level":"INFO","message":"[9:45:55.653 AM]: Trying to initialize Easy Logging"}
{"level":"INFO","message":"[9:45:55.662 AM]: No client config file found in default directories"}
{"level":"INFO","message":"[9:45:55.662 AM]: Easy Logging is disabled as no config has been found"}
